<?xml version="1.0" encoding="UTF-8"?>
<!-- Generated by org.testng.reporters.JUnitReportReporter -->
<testsuite hostname="VivoBook" failures="0" tests="2" name="com.Test.VerifyLoginTest" time="8.426" errors="0" timestamp="2022-03-03T17:00:22 IST" skipped="0">
  <testcase classname="com.Test.VerifyLoginTest" name="VerifyTest" time="5.636"/>
  <system-out/>
  <testcase classname="com.Test.VerifyLoginTest" name="VerifyTest" time="2.790"/>
  <system-out/>
</testsuite> <!-- com.Test.VerifyLoginTest -->
